<?xml version="1.0" encoding="UTF-8"?>
<!-- Generated by org.testng.reporters.JUnitReportReporter -->
<testsuite skipped="0" hostname="AshutoshRaj-HP" name="scripts.TestInValidLogin" tests="1" failures="0" timestamp="03 Feb 2019 14:43:03 GMT" time="5.355" errors="0">
  <testcase name="testInvalidLogin" time="5.355" classname="scripts.TestInValidLogin"/>
</testsuite> <!-- scripts.TestInValidLogin -->
